INFO 2024-12-28 06:29:05,166 autoreload Watching for file changes with StatReloader
INFO 2024-12-28 06:30:17,009 autoreload /home/rushikeshkadam/code_space/videoView/server/videoView/api/models.py changed, reloading.
INFO 2024-12-28 06:30:17,187 autoreload Watching for file changes with StatReloader
INFO 2024-12-28 06:30:18,052 autoreload Watching for file changes with StatReloader
INFO 2024-12-28 06:30:21,530 basehttp "GET / HTTP/1.1" 200 12068
WARNING 2024-12-28 06:30:21,561 basehttp "GET /favicon.ico HTTP/1.1" 404 2211
WARNING 2024-12-28 06:31:00,143 basehttp "GET /reset HTTP/1.1" 404 2193
INFO 2024-12-28 06:32:52,714 autoreload Watching for file changes with StatReloader
INFO 2024-12-28 06:36:19,094 autoreload /home/rushikeshkadam/code_space/videoView/server/videoView/videoView/urls.py changed, reloading.
INFO 2024-12-28 06:36:19,284 autoreload Watching for file changes with StatReloader
INFO 2024-12-28 06:36:25,424 autoreload /home/rushikeshkadam/code_space/videoView/server/videoView/videoView/urls.py changed, reloading.
INFO 2024-12-28 06:36:25,620 autoreload Watching for file changes with StatReloader
INFO 2024-12-28 06:36:28,733 autoreload /home/rushikeshkadam/code_space/videoView/server/videoView/videoView/urls.py changed, reloading.
INFO 2024-12-28 06:36:28,928 autoreload Watching for file changes with StatReloader
INFO 2024-12-28 06:36:33,055 autoreload /home/rushikeshkadam/code_space/videoView/server/videoView/videoView/urls.py changed, reloading.
INFO 2024-12-28 06:36:33,243 autoreload Watching for file changes with StatReloader
INFO 2024-12-28 06:36:59,625 autoreload /home/rushikeshkadam/code_space/videoView/server/videoView/videoView/urls.py changed, reloading.
INFO 2024-12-28 06:36:59,822 autoreload Watching for file changes with StatReloader
INFO 2024-12-28 06:37:03,933 autoreload /home/rushikeshkadam/code_space/videoView/server/videoView/videoView/urls.py changed, reloading.
INFO 2024-12-28 06:37:04,136 autoreload Watching for file changes with StatReloader
INFO 2024-12-28 06:37:08,226 autoreload /home/rushikeshkadam/code_space/videoView/server/videoView/videoView/urls.py changed, reloading.
INFO 2024-12-28 06:37:08,445 autoreload Watching for file changes with StatReloader
INFO 2024-12-28 06:37:13,567 autoreload /home/rushikeshkadam/code_space/videoView/server/videoView/videoView/urls.py changed, reloading.
INFO 2024-12-28 06:37:13,760 autoreload Watching for file changes with StatReloader
INFO 2024-12-28 06:37:36,089 autoreload /home/rushikeshkadam/code_space/videoView/server/videoView/api/urls.py changed, reloading.
INFO 2024-12-28 06:37:36,287 autoreload Watching for file changes with StatReloader
INFO 2024-12-28 06:37:40,378 autoreload /home/rushikeshkadam/code_space/videoView/server/videoView/api/urls.py changed, reloading.
INFO 2024-12-28 06:37:40,563 autoreload Watching for file changes with StatReloader
INFO 2024-12-28 06:37:43,660 autoreload /home/rushikeshkadam/code_space/videoView/server/videoView/api/urls.py changed, reloading.
INFO 2024-12-28 06:37:43,862 autoreload Watching for file changes with StatReloader
INFO 2024-12-28 06:37:46,926 autoreload /home/rushikeshkadam/code_space/videoView/server/videoView/api/urls.py changed, reloading.
INFO 2024-12-28 06:37:47,151 autoreload Watching for file changes with StatReloader
INFO 2024-12-28 06:37:50,264 autoreload /home/rushikeshkadam/code_space/videoView/server/videoView/api/urls.py changed, reloading.
INFO 2024-12-28 06:37:50,450 autoreload Watching for file changes with StatReloader
INFO 2024-12-28 06:38:03,634 autoreload /home/rushikeshkadam/code_space/videoView/server/videoView/api/urls.py changed, reloading.
INFO 2024-12-28 06:38:03,821 autoreload Watching for file changes with StatReloader
INFO 2024-12-28 06:38:06,918 autoreload /home/rushikeshkadam/code_space/videoView/server/videoView/api/urls.py changed, reloading.
INFO 2024-12-28 06:38:07,096 autoreload Watching for file changes with StatReloader
INFO 2024-12-28 06:38:35,441 autoreload /home/rushikeshkadam/code_space/videoView/server/videoView/api/urls.py changed, reloading.
INFO 2024-12-28 06:38:35,675 autoreload Watching for file changes with StatReloader
INFO 2024-12-28 06:38:40,800 autoreload /home/rushikeshkadam/code_space/videoView/server/videoView/api/urls.py changed, reloading.
INFO 2024-12-28 06:38:41,006 autoreload Watching for file changes with StatReloader
INFO 2024-12-28 06:38:44,080 autoreload /home/rushikeshkadam/code_space/videoView/server/videoView/api/urls.py changed, reloading.
INFO 2024-12-28 06:38:44,270 autoreload Watching for file changes with StatReloader
INFO 2024-12-28 06:38:48,373 autoreload /home/rushikeshkadam/code_space/videoView/server/videoView/api/urls.py changed, reloading.
INFO 2024-12-28 06:38:48,588 autoreload Watching for file changes with StatReloader
INFO 2024-12-28 06:38:58,770 autoreload /home/rushikeshkadam/code_space/videoView/server/videoView/api/urls.py changed, reloading.
INFO 2024-12-28 06:38:58,977 autoreload Watching for file changes with StatReloader
INFO 2024-12-28 06:39:02,079 autoreload /home/rushikeshkadam/code_space/videoView/server/videoView/api/urls.py changed, reloading.
INFO 2024-12-28 06:39:02,275 autoreload Watching for file changes with StatReloader
INFO 2024-12-28 06:39:04,352 autoreload /home/rushikeshkadam/code_space/videoView/server/videoView/api/urls.py changed, reloading.
INFO 2024-12-28 06:39:04,531 autoreload Watching for file changes with StatReloader
INFO 2024-12-28 06:39:10,661 autoreload /home/rushikeshkadam/code_space/videoView/server/videoView/api/urls.py changed, reloading.
INFO 2024-12-28 06:39:10,856 autoreload Watching for file changes with StatReloader
INFO 2024-12-28 06:39:19,023 autoreload /home/rushikeshkadam/code_space/videoView/server/videoView/api/urls.py changed, reloading.
INFO 2024-12-28 06:39:19,205 autoreload Watching for file changes with StatReloader
INFO 2024-12-28 06:39:20,259 autoreload /home/rushikeshkadam/code_space/videoView/server/videoView/api/urls.py changed, reloading.
INFO 2024-12-28 06:39:20,446 autoreload Watching for file changes with StatReloader
INFO 2024-12-28 06:39:26,552 autoreload /home/rushikeshkadam/code_space/videoView/server/videoView/api/urls.py changed, reloading.
INFO 2024-12-28 06:39:26,744 autoreload Watching for file changes with StatReloader
INFO 2024-12-28 06:39:33,888 autoreload /home/rushikeshkadam/code_space/videoView/server/videoView/api/urls.py changed, reloading.
INFO 2024-12-28 06:39:34,073 autoreload Watching for file changes with StatReloader
INFO 2024-12-28 06:39:37,146 autoreload /home/rushikeshkadam/code_space/videoView/server/videoView/api/urls.py changed, reloading.
INFO 2024-12-28 06:39:37,330 autoreload Watching for file changes with StatReloader
INFO 2024-12-28 06:39:45,468 autoreload /home/rushikeshkadam/code_space/videoView/server/videoView/api/urls.py changed, reloading.
INFO 2024-12-28 06:39:45,654 autoreload Watching for file changes with StatReloader
INFO 2024-12-28 06:39:50,767 autoreload /home/rushikeshkadam/code_space/videoView/server/videoView/api/urls.py changed, reloading.
INFO 2024-12-28 06:39:50,945 autoreload Watching for file changes with StatReloader
INFO 2024-12-28 06:39:57,048 autoreload /home/rushikeshkadam/code_space/videoView/server/videoView/api/urls.py changed, reloading.
INFO 2024-12-28 06:39:57,241 autoreload Watching for file changes with StatReloader
INFO 2024-12-28 06:40:27,627 autoreload /home/rushikeshkadam/code_space/videoView/server/videoView/api/urls.py changed, reloading.
INFO 2024-12-28 06:40:27,813 autoreload Watching for file changes with StatReloader
INFO 2024-12-28 06:40:31,930 autoreload /home/rushikeshkadam/code_space/videoView/server/videoView/api/urls.py changed, reloading.
INFO 2024-12-28 06:40:32,129 autoreload Watching for file changes with StatReloader
INFO 2024-12-28 06:40:34,222 autoreload /home/rushikeshkadam/code_space/videoView/server/videoView/api/urls.py changed, reloading.
INFO 2024-12-28 06:40:34,405 autoreload Watching for file changes with StatReloader
INFO 2024-12-28 06:40:39,506 autoreload /home/rushikeshkadam/code_space/videoView/server/videoView/api/urls.py changed, reloading.
INFO 2024-12-28 06:40:39,727 autoreload Watching for file changes with StatReloader
INFO 2024-12-28 06:42:22,860 autoreload /home/rushikeshkadam/code_space/videoView/server/videoView/api/views.py changed, reloading.
INFO 2024-12-28 06:42:23,061 autoreload Watching for file changes with StatReloader
INFO 2024-12-28 06:42:25,132 autoreload /home/rushikeshkadam/code_space/videoView/server/videoView/api/views.py changed, reloading.
INFO 2024-12-28 06:42:25,315 autoreload Watching for file changes with StatReloader
INFO 2024-12-28 06:42:27,377 autoreload /home/rushikeshkadam/code_space/videoView/server/videoView/api/views.py changed, reloading.
INFO 2024-12-28 06:42:27,564 autoreload Watching for file changes with StatReloader
INFO 2024-12-28 06:42:30,642 autoreload /home/rushikeshkadam/code_space/videoView/server/videoView/api/views.py changed, reloading.
INFO 2024-12-28 06:42:30,841 autoreload Watching for file changes with StatReloader
INFO 2024-12-28 06:42:36,954 autoreload /home/rushikeshkadam/code_space/videoView/server/videoView/api/views.py changed, reloading.
INFO 2024-12-28 06:42:37,132 autoreload Watching for file changes with StatReloader
INFO 2024-12-28 06:43:01,816 autoreload Watching for file changes with StatReloader
INFO 2024-12-28 06:49:28,672 autoreload /home/rushikeshkadam/code_space/videoView/server/videoView/api/views.py changed, reloading.
INFO 2024-12-28 06:49:28,847 autoreload Watching for file changes with StatReloader
INFO 2024-12-28 06:49:55,138 autoreload /home/rushikeshkadam/code_space/videoView/server/videoView/videoView/settings.py changed, reloading.
